2022-11-21 13:33:25,089:INFO: Using /home/stbaker/pg/PyGran/LIGGGHTS-PUBLIC/src/libliggghts.so for DEM computations
2022-11-21 13:33:25,334:INFO: Working in /home/stbaker/afrl/AFRL_pygran/outputs/0pt602/2pt8_25pt4
2022-11-21 13:33:25,334:INFO: Creating i/o directories
2022-11-21 13:33:25,334:INFO: Instantiated DEMPy object
2022-11-21 13:33:25,334:INFO: Using /home/stbaker/pg/PyGran/LIGGGHTS-PUBLIC/src/libliggghts.so as a shared library for DEM computations
2022-11-21 13:33:25,335:INFO: Setting up problem dimensions and boundaries
2022-11-21 13:33:25,335:INFO: Initializing simulation with PyGranSim version v1.0.3+30.g5d0d06b
2022-11-21 13:33:25,335:INFO: Initializing MPI for a total of 1 cores
2022-11-21 13:33:25,335:INFO: Using 1 cores per simulation
2022-11-21 13:33:25,335:DEBUG: Attempting to backup run_sim_rotate.py file
2022-11-21 13:33:25,335:DEBUG: Backup failed
2022-11-21 13:33:25,335:INFO: Creating domain
2022-11-21 13:33:25,337:INFO: Setting up interaction parameters
2022-11-21 13:33:25,337:INFO: Setting up nearest neighbor searching parameters
2022-11-21 13:33:25,337:INFO: Setting up particles for group1
2022-11-21 13:33:25,337:INFO: Setting up integration scheme parameters
2022-11-21 13:33:25,337:INFO: Importing mesh from /home/stbaker/afrl/AFRL_pygran/mesh/half_pg_taller_blended_funnel_reduced.stl
2022-11-21 13:33:25,366:INFO: Setting up trajectory i/o
2022-11-21 13:33:25,367:INFO: Creating property youngsModulus with args youngsModulus peratomtype 63000000000.0 200000000000.0
2022-11-21 13:33:25,367:INFO: Creating property poissonsRatio with args poissonsRatio peratomtype 0.24 0.3
2022-11-21 13:33:25,367:INFO: Creating property coefficientFriction with args coefficientFriction peratomtypepair 2 0.5 0.5 0.5 0.5
2022-11-21 13:33:25,367:INFO: Creating property coefficientRollingFriction with args coefficientRollingFriction peratomtypepair 2 0.0 0.0 0.0 0.0
2022-11-21 13:33:25,367:INFO: Creating property cohesionEnergyDensity with args cohesionEnergyDensity peratomtypepair 2 0.05 0.0 0.0 0.0
2022-11-21 13:33:25,367:INFO: Creating property coefficientRestitution with args coefficientRestitution peratomtypepair 2 0.9 0.9 0.9 0.9
2022-11-21 13:33:25,367:INFO: Creating property coefficientRollingViscousDamping with args coefficientRollingViscousDamping peratomtypepair 2 0.1 0.1 0.1 0.1
2022-11-21 13:33:25,367:INFO: Creating property yieldPress with args yieldPress peratomtype 62000000000.0 20000000000.0
2022-11-21 13:33:25,367:INFO: Creating property characteristicVelocity with args characteristicVelocity scalar 0.1 0.1
2022-11-21 13:33:25,367:INFO: Setting up printing options
